{
  "RSpec": {
    "coverage": {
      "/Users/amadden80/Dropbox/wdi/projects/Sonifizer/Sonifizer/lib/audio_base_64.rb": [
        1,
        null,
        1,
        null,
        1,
        35,
        35,
        35,
        null,
        1,
        1,
        null,
        null
      ],
      "/Users/amadden80/Dropbox/wdi/projects/Sonifizer/Sonifizer/lib/sonfizer_synth.rb": [
        1,
        null,
        1,
        330752,
        null,
        1,
        1,
        null,
        1,
        39,
        39,
        39,
        null,
        39,
        39,
        39,
        463311,
        null,
        null,
        1,
        1,
        null,
        null,
        1,
        7,
        7,
        154360,
        null,
        7,
        null,
        1,
        1,
        null,
        null,
        1,
        18,
        24,
        null,
        1,
        1,
        null,
        null,
        1,
        8,
        129,
        8,
        null,
        1,
        1,
        null,
        null,
        1,
        8,
        8,
        129,
        8,
        null,
        1,
        1,
        null,
        null,
        1,
        5,
        5,
        5,
        null,
        1,
        1,
        null,
        null,
        1,
        7,
        null,
        1,
        1,
        null,
        null,
        1,
        4,
        176405,
        176405,
        4,
        null,
        1,
        1,
        null,
        1,
        3,
        132304,
        132304,
        3,
        null,
        1,
        1,
        null,
        1,
        10,
        1,
        1,
        1,
        1,
        null,
        1,
        1,
        1,
        1,
        1,
        9,
        null,
        1,
        1,
        1,
        9,
        9,
        null,
        1,
        22051,
        22051,
        1,
        null,
        1,
        1,
        null,
        null,
        null
      ],
      "/Users/amadden80/Dropbox/wdi/projects/Sonifizer/Sonifizer/lib/wave_handler.rb": [
        1,
        null,
        1,
        null,
        1,
        1,
        1,
        1,
        1,
        1,
        null,
        1,
        null,
        1,
        1,
        null,
        null,
        1,
        35,
        null,
        1,
        1,
        null,
        null
      ],
      "/Users/amadden80/Dropbox/wdi/projects/Sonifizer/Sonifizer/app/helpers/application_helper.rb": [
        1,
        null,
        1,
        1,
        1,
        null,
        null,
        null,
        1,
        8,
        8,
        8,
        8,
        0,
        null,
        8,
        null,
        8,
        null,
        null,
        1,
        8,
        8,
        8,
        8,
        0,
        null,
        8,
        null,
        8,
        null,
        null,
        1,
        8,
        8,
        8,
        8,
        0,
        null,
        8,
        null,
        8,
        null,
        null,
        1,
        11,
        11,
        131,
        null,
        11,
        11,
        11,
        11,
        1,
        null,
        10,
        null,
        11,
        null,
        null,
        null,
        null,
        null,
        null,
        null
      ],
      "/Users/amadden80/Dropbox/wdi/projects/Sonifizer/Sonifizer/app/controllers/api_controller.rb": [
        null,
        1,
        null,
        1,
        1,
        null,
        1,
        null,
        4,
        4,
        4,
        4,
        4,
        4,
        4,
        4,
        null,
        4,
        null,
        null,
        null,
        4,
        4,
        7,
        null,
        null,
        null,
        null,
        null,
        1,
        3,
        null,
        3,
        3,
        null,
        3,
        null,
        null,
        null,
        null,
        3,
        3,
        6,
        null,
        null,
        null,
        null,
        null,
        1,
        null,
        1,
        7,
        null,
        null,
        null,
        null,
        null,
        null
      ],
      "/Users/amadden80/Dropbox/wdi/projects/Sonifizer/Sonifizer/app/controllers/application_controller.rb": [
        1,
        null,
        null,
        1,
        null
      ],
      "/Users/amadden80/Dropbox/wdi/projects/Sonifizer/Sonifizer/app/controllers/home_controller.rb": [
        1,
        null,
        1,
        null,
        null,
        null
      ],
      "/Users/amadden80/Dropbox/wdi/projects/Sonifizer/Sonifizer/app/models/sonifizer_worker.rb": [
        null,
        1,
        1,
        1,
        null,
        1,
        null,
        1,
        null,
        1,
        38,
        38,
        38,
        38,
        null,
        null,
        1,
        35,
        35,
        null,
        null,
        1,
        0,
        0,
        0,
        0,
        null,
        null,
        1,
        0,
        0,
        0,
        0,
        null,
        null,
        1,
        1,
        1,
        1,
        1,
        null,
        null,
        1,
        0,
        0,
        0,
        0,
        null,
        null,
        null,
        null,
        null
      ]
    },
    "timestamp": 1375640138
  }
}
