{
  "RSpec": {
    "coverage": {
      "/Users/amadden80/Dropbox/wdi/projects/Sonifizer/Sonifizer/lib/audio_base_64.rb": [
        1,
        null,
        1,
        null,
        1,
        35,
        35,
        35,
        null,
        1,
        1,
        null,
        null
      ],
      "/Users/amadden80/Dropbox/wdi/projects/Sonifizer/Sonifizer/lib/sonfizer_synth.rb": [
        1,
        null,
        1,
        308702,
        null,
        1,
        1,
        null,
        1,
        28,
        28,
        28,
        null,
        28,
        28,
        28,
        441061,
        null,
        null,
        1,
        1,
        null,
        null,
        1,
        6,
        6,
        132310,
        null,
        6,
        null,
        1,
        1,
        null,
        null,
        1,
        18,
        24,
        null,
        1,
        1,
        null,
        null,
        1,
        7,
        28,
        7,
        null,
        1,
        1,
        null,
        null,
        1,
        7,
        7,
        28,
        7,
        null,
        1,
        1,
        null,
        null,
        1,
        4,
        4,
        4,
        null,
        1,
        1,
        null,
        null,
        1,
        7,
        null,
        1,
        1,
        null,
        null,
        1,
        4,
        176405,
        176405,
        4,
        null,
        1,
        1,
        null,
        1,
        3,
        132304,
        132304,
        3,
        null,
        1,
        1,
        null,
        1,
        0,
        0,
        0,
        0,
        0,
        null,
        0,
        0,
        0,
        0,
        0,
        0,
        null,
        0,
        0,
        0,
        0,
        0,
        null,
        0,
        0,
        0,
        0,
        null,
        1,
        1,
        null,
        null,
        null
      ],
      "/Users/amadden80/Dropbox/wdi/projects/Sonifizer/Sonifizer/lib/wave_handler.rb": [
        1,
        null,
        1,
        null,
        1,
        0,
        0,
        0,
        0,
        0,
        null,
        0,
        null,
        1,
        1,
        null,
        null,
        1,
        35,
        null,
        1,
        1,
        null,
        null
      ],
      "/Users/amadden80/Dropbox/wdi/projects/Sonifizer/Sonifizer/app/helpers/application_helper.rb": [
        1,
        null,
        1,
        1,
        1,
        null,
        null,
        null,
        1,
        8,
        8,
        8,
        8,
        0,
        null,
        8,
        null,
        8,
        null,
        null,
        1,
        8,
        8,
        8,
        8,
        0,
        null,
        8,
        null,
        8,
        null,
        null,
        1,
        8,
        8,
        8,
        8,
        0,
        null,
        8,
        null,
        8,
        null,
        null,
        1,
        11,
        11,
        131,
        null,
        11,
        11,
        11,
        11,
        0,
        null,
        11,
        null,
        11,
        null,
        null,
        null,
        null,
        null,
        null,
        null
      ],
      "/Users/amadden80/Dropbox/wdi/projects/Sonifizer/Sonifizer/app/controllers/api_controller.rb": [
        null,
        1,
        null,
        1,
        1,
        null,
        1,
        null,
        4,
        4,
        4,
        4,
        4,
        4,
        4,
        4,
        null,
        4,
        null,
        null,
        null,
        4,
        4,
        7,
        null,
        null,
        null,
        null,
        null,
        1,
        3,
        null,
        3,
        3,
        null,
        3,
        null,
        null,
        null,
        null,
        3,
        3,
        6,
        null,
        null,
        null,
        null,
        null,
        1,
        null,
        1,
        7,
        null,
        null,
        null,
        null,
        null,
        null
      ],
      "/Users/amadden80/Dropbox/wdi/projects/Sonifizer/Sonifizer/app/controllers/application_controller.rb": [
        1,
        null,
        null,
        null,
        1,
        null,
        null
      ],
      "/Users/amadden80/Dropbox/wdi/projects/Sonifizer/Sonifizer/app/controllers/home_controller.rb": [
        1,
        null,
        1,
        null,
        null,
        null
      ],
      "/Users/amadden80/Dropbox/wdi/projects/Sonifizer/Sonifizer/app/models/sonifizer_worker.rb": [
        null,
        1,
        1,
        1,
        null,
        1,
        null,
        1,
        null,
        1,
        38,
        38,
        38,
        38,
        null,
        null,
        1,
        35,
        35,
        null,
        null,
        1,
        0,
        0,
        0,
        0,
        null,
        null,
        1,
        0,
        0,
        0,
        0,
        null,
        null,
        1,
        0,
        0,
        0,
        0,
        null,
        null,
        1,
        0,
        0,
        0,
        0,
        null,
        null,
        null,
        null,
        null
      ]
    },
    "timestamp": 1375641206
  }
}
